[anusolarracing.com/index.html]
[anusolarracing.com/xmlrpc.php]
[backblue.gif]
[fade.gif]
[index.html]
[anusolarracing.com/wp-content/uploads/2023/02/alternate-gothic-atf-demi.otf]
[anusolarracing.com/feed/index.html]
[anusolarracing.com/comments/feed/index.html]
[anusolarracing.com/wp-content/plugins/header-footer-elementor/inc/widgets-css/frontend3601.css]
[anusolarracing.com/wp-content/plugins/header-footer-elementor/assets/css/header-footer-elementor3601.css]
[anusolarracing.com/wp-content/plugins/elementor/assets/lib/eicons/css/elementor-icons.minf25c.css]
[anusolarracing.com/wp-content/uploads/elementor/css/custom-frontend.min3f36.css]
[anusolarracing.com/wp-content/uploads/elementor/css/post-103f36.css]
[anusolarracing.com/wp-content/plugins/elementor/assets/css/widget-heading.mine689.css]
[anusolarracing.com/wp-content/plugins/elementor/assets/css/widget-text-editor.mine689.css]
[anusolarracing.com/wp-content/plugins/elementor/assets/css/widget-spacer.mine689.css]
[anusolarracing.com/wp-content/plugins/elementor/assets/lib/swiper/v8/css/swiper.min94a4.css]
[anusolarracing.com/wp-content/plugins/elementor/assets/css/conditionals/e-swiper.mine689.css]
[anusolarracing.com/wp-content/plugins/elementor/assets/css/widget-image-carousel.mine689.css]
[anusolarracing.com/wp-content/uploads/elementor/css/post-31a6c7.css]
[anusolarracing.com/wp-content/uploads/elementor/css/post-110a6c7.css]
[anusolarracing.com/wp-content/uploads/elementor/css/post-222a6c7.css]
[anusolarracing.com/wp-content/themes/hello-elementor/style.minc141.css]
[anusolarracing.com/wp-content/themes/hello-elementor/theme.minc141.css]
[anusolarracing.com/wp-content/plugins/elementor/assets/lib/eicons/css/elementor-icons.min705c.css]
[anusolarracing.com/wp-content/plugins/elementor/assets/css/widget-icon-list.min44b4.css]
[anusolarracing.com/wp-content/plugins/elementor/assets/css/widget-social-icons.min2401.css]
[anusolarracing.com/wp-content/plugins/elementor/assets/lib/font-awesome/css/brands52d5.css]
[anusolarracing.com/wp-content/plugins/elementor/assets/lib/font-awesome/css/fontawesome52d5.css]
[anusolarracing.com/wp-content/plugins/elementor/assets/lib/font-awesome/css/solid52d5.css]
[anusolarracing.com/wp-content/plugins/royal-elementor-addons/assets/css/lib/animations/text-animations.min9792.css]
[anusolarracing.com/wp-content/plugins/royal-elementor-addons/assets/css/frontend.min9792.css]
[anusolarracing.com/wp-content/plugins/elementor/assets/lib/font-awesome/css/all.min9792.css]
[anusolarracing.com/wp-content/plugins/elementor/assets/lib/font-awesome/css/fontawesome.min52d5.css]
[anusolarracing.com/wp-content/plugins/elementor/assets/lib/font-awesome/css/solid.min52d5.css]
[anusolarracing.com/wp-content/plugins/elementor/assets/lib/font-awesome/css/regular.min52d5.css]
[anusolarracing.com/wp-content/plugins/elementor/assets/lib/font-awesome/css/brands.min52d5.css]
[anusolarracing.com/wp-includes/js/jquery/jquery.minf43b.js]
[anusolarracing.com/wp-includes/js/jquery/jquery-migrate.min5589.js]
[anusolarracing.com/wp-json/wp/v2/pages/31.json]
[anusolarracing.com/xmlrpc0db0.php]
[anusolarracing.com/wp-json/index.html]
[anusolarracing.com/wp-json/oembed/1.0/embed14b5.json]
[anusolarracing.com/wp-json/oembed/1.0/embedd9b7]
[anusolarracing.com/wp-content/uploads/2023/02/cropped-favicon-32x32.png]
[anusolarracing.com/wp-content/uploads/2023/02/cropped-favicon-192x192.png]
[anusolarracing.com/wp-content/uploads/2023/02/cropped-favicon-180x180.png]
[anusolarracing.com/wp-content/uploads/2023/02/White-Transparent-Full-Logo-300x99.png]
[anusolarracing.com/about/index.html]
[anusolarracing.com/cars/index.html]
[anusolarracing.com/teamorigin/team/index.html]
[anusolarracing.com/media/index.html]
[anusolarracing.com/contact-us/index.html]
[anusolarracing.com/outreach/index.html]
[anusolarracing.com/partners/index.html]
[anusolarracing.com/team/index.html]
[anusolarracing.com/wp-content/uploads/2023/03/ImagineEvents_normal-1024x547.png]
[anusolarracing.com/cars/sc3/index.html]
[anusolarracing.com/wp-content/uploads/2023/03/AOGraphics_normal.png]
[anusolarracing.com/wp-content/uploads/2023/03/ANU_sepia.png]
[anusolarracing.com/wp-content/uploads/2023/03/ANSYS_sepia.png]
[anusolarracing.com/wp-content/uploads/2023/03/SydneyComposites_sepia.png]
[anusolarracing.com/wp-content/uploads/2023/03/Solargain_sepia-1024x375.png]
[anusolarracing.com/wp-content/uploads/2023/03/PVLab_sepia.png]
[anusolarracing.com/wp-content/uploads/2023/03/NRMA_sepia-1024x562.png]
[anusolarracing.com/wp-content/uploads/2023/03/NEOEN_sepia-1024x231.png]
[anusolarracing.com/wp-content/uploads/2023/03/LiquidInstruments_sepia.png]
[anusolarracing.com/wp-content/uploads/2023/03/CapitalBrewingCo_sepia-1024x695.png]
[anusolarracing.com/wp-content/uploads/2023/03/ANUSport_sepia-1024x467.png]
[anusolarracing.com/wp-content/uploads/2023/02/Logomark-Transparent-White-300x261.png]
[anusolarracing.com/wp-content/plugins/elementor/assets/css/widget-social-icons.mine689.css]
[anusolarracing.com/wp-content/uploads/elementor/css/custom-apple-webkit.min3f36.css]
[anusolarracing.com/wp-content/plugins/royal-elementor-addons/assets/js/lib/particles/particles7c45.js]
[anusolarracing.com/wp-content/plugins/royal-elementor-addons/assets/js/lib/jarallax/jarallax.minf184.js]
[anusolarracing.com/wp-content/plugins/royal-elementor-addons/assets/js/lib/parallax/parallax.min5152.js]
[anusolarracing.com/wp-content/themes/hello-elementor/assets/js/hello-frontend.min8a54.js]
[anusolarracing.com/wp-content/plugins/header-footer-elementor/inc/js/frontend3601.js]
[anusolarracing.com/wp-content/plugins/elementor/assets/lib/swiper/v8/swiper.min94a4.js]
[anusolarracing.com/wp-content/plugins/elementor/assets/js/webpack.runtime.mine689.js]
[anusolarracing.com/wp-content/plugins/elementor/assets/js/frontend-modules.mine689.js]
[anusolarracing.com/wp-includes/js/jquery/ui/core.minb37e.js]
[anusolarracing.com/wp-content/plugins/elementor/assets/js/frontend.mine689.js]
[anusolarracing.com/wp-content/plugins/royal-elementor-addons/assets/js/frontend.min9792.js]
[anusolarracing.com/wp-content/plugins/royal-elementor-addons/assets/js/modal-popups.min9792.js]
[anusolarracing.com/index.html]
[anusolarracing.com/xmlrpc.php]
[anusolarracing.com/wp-content/plugins/header-footer-elementor/inc/widgets-css/frontend3601.css]
[anusolarracing.com/wp-content/plugins/header-footer-elementor/assets/css/header-footer-elementor3601.css]
[anusolarracing.com/wp-content/plugins/elementor/assets/lib/eicons/fonts/eicons6feb.eot]
[anusolarracing.com/wp-content/plugins/elementor/assets/lib/eicons/fonts/eicons6feb.woff2]
[anusolarracing.com/wp-content/plugins/elementor/assets/lib/eicons/fonts/eicons6feb.woff]
[anusolarracing.com/wp-content/plugins/elementor/assets/lib/eicons/fonts/eicons6feb.ttf]
[anusolarracing.com/wp-content/plugins/elementor/assets/lib/eicons/fonts/eicons6feb.svg]
[anusolarracing.com/wp-content/plugins/elementor/assets/lib/eicons/css/elementor-icons.minf25c.css]
[anusolarracing.com/wp-content/uploads/elementor/css/custom-frontend.min3f36.css]
[anusolarracing.com/wp-content/uploads/elementor/css/post-103f36.css]
[anusolarracing.com/wp-content/plugins/elementor/assets/css/widget-heading.mine689.css]
[anusolarracing.com/wp-content/plugins/elementor/assets/css/widget-text-editor.mine689.css]
[anusolarracing.com/wp-content/plugins/elementor/assets/css/widget-spacer.mine689.css]
[anusolarracing.com/wp-content/plugins/elementor/assets/lib/swiper/v8/css/swiper.min94a4.css]
[anusolarracing.com/wp-content/plugins/elementor/assets/css/conditionals/e-swiper.mine689.css]
[anusolarracing.com/wp-content/plugins/elementor/assets/css/widget-image-carousel.mine689.css]
[anusolarracing.com/wp-content/uploads/2023/02/home_background-1024x576.png]
[anusolarracing.com/wp-content/uploads/2023/02/home-890x1024.png]
[anusolarracing.com/wp-content/uploads/2023/10/P2144034.png]
[anusolarracing.com/wp-content/uploads/2023/10/IMG_0881-Edit-scaled.jpg]
[anusolarracing.com/wp-content/uploads/2023/08/MicrosoftTeams-image-11-scaled.jpg]
[anusolarracing.com/wp-content/uploads/2023/03/white-150x150.png]
[anusolarracing.com/wp-content/uploads/2023/02/home-1336x1536.png]
[anusolarracing.com/wp-content/uploads/elementor/css/post-31a6c7.css]
[anusolarracing.com/wp-content/uploads/elementor/css/post-110a6c7.css]
[anusolarracing.com/wp-content/uploads/elementor/css/post-222a6c7.css]
[anusolarracing.com/wp-content/themes/hello-elementor/style.minc141.css]
[anusolarracing.com/wp-content/themes/hello-elementor/theme.minc141.css]
[anusolarracing.com/wp-content/plugins/elementor/assets/lib/eicons/css/elementor-icons.min705c.css]
[anusolarracing.com/wp-content/plugins/elementor/assets/css/widget-icon-list.min44b4.css]
[anusolarracing.com/wp-content/plugins/elementor/assets/css/widget-social-icons.min2401.css]
[anusolarracing.com/wp-content/plugins/elementor/assets/lib/font-awesome/webfonts/fa-brands-400.eot]
[anusolarracing.com/wp-content/plugins/elementor/assets/lib/font-awesome/webfonts/fa-brands-400d41d.eot]
[anusolarracing.com/wp-content/plugins/elementor/assets/lib/font-awesome/webfonts/fa-brands-400.woff2]
[anusolarracing.com/wp-content/plugins/elementor/assets/lib/font-awesome/webfonts/fa-brands-400.woff]
[anusolarracing.com/wp-content/plugins/elementor/assets/lib/font-awesome/webfonts/fa-brands-400.ttf]
[anusolarracing.com/wp-content/plugins/elementor/assets/lib/font-awesome/css/brands52d5.css]
[anusolarracing.com/wp-content/plugins/elementor/assets/lib/font-awesome/css/fontawesome52d5.css]
[anusolarracing.com/wp-content/plugins/elementor/assets/lib/font-awesome/webfonts/fa-brands-400.svg]
[anusolarracing.com/wp-content/plugins/elementor/assets/lib/font-awesome/webfonts/fa-solid-900.eot]
[anusolarracing.com/wp-content/plugins/elementor/assets/lib/font-awesome/webfonts/fa-solid-900d41d.eot]
[anusolarracing.com/wp-content/plugins/elementor/assets/lib/font-awesome/webfonts/fa-solid-900.woff2]
[anusolarracing.com/wp-content/plugins/elementor/assets/lib/font-awesome/webfonts/fa-solid-900.woff]
[anusolarracing.com/wp-content/plugins/elementor/assets/lib/font-awesome/webfonts/fa-solid-900.ttf]
[anusolarracing.com/wp-content/plugins/elementor/assets/lib/font-awesome/css/solid52d5.css]
[anusolarracing.com/wp-content/plugins/royal-elementor-addons/assets/css/lib/animations/text-animations.min9792.css]
[anusolarracing.com/wp-content/plugins/royal-elementor-addons/assets/css/frontend.min9792.css]
[anusolarracing.com/wp-content/plugins/elementor/assets/lib/font-awesome/webfonts/fa-regular-400.eot]
[anusolarracing.com/wp-content/plugins/elementor/assets/lib/font-awesome/webfonts/fa-solid-900.svg]
[anusolarracing.com/wp-content/plugins/elementor/assets/lib/font-awesome/webfonts/fa-regular-400d41d.eot]
[anusolarracing.com/wp-content/plugins/elementor/assets/lib/font-awesome/webfonts/fa-regular-400.woff2]
[anusolarracing.com/wp-content/plugins/elementor/assets/lib/font-awesome/webfonts/fa-regular-400.woff]
[anusolarracing.com/wp-content/plugins/elementor/assets/lib/font-awesome/webfonts/fa-regular-400.ttf]
[anusolarracing.com/wp-content/plugins/elementor/assets/lib/font-awesome/webfonts/fa-regular-400.svg]
[anusolarracing.com/wp-content/plugins/elementor/assets/lib/font-awesome/css/all.min9792.css]
[anusolarracing.com/wp-content/plugins/elementor/assets/lib/font-awesome/css/fontawesome.min52d5.css]
[anusolarracing.com/wp-content/plugins/elementor/assets/lib/font-awesome/css/solid.min52d5.css]
[anusolarracing.com/wp-content/plugins/elementor/assets/lib/font-awesome/css/regular.min52d5.css]
[anusolarracing.com/wp-content/plugins/elementor/assets/lib/font-awesome/css/brands.min52d5.css]
[anusolarracing.com/wp-includes/js/jquery/jquery.minf43b.js]
[anusolarracing.com/wp-includes/js/jquery/jquery-migrate.min5589.js]
[anusolarracing.com/wp-content/plugins/elementor/assets/css/widget-divider.mine689.css]
[anusolarracing.com/wp-content/uploads/elementor/css/post-48251319.css]
[anusolarracing.com/wp-json/wp/v2/pages/4825.json]
[anusolarracing.com/wp-json/oembed/1.0/embeda075.json]
[anusolarracing.com/wp-json/oembed/1.0/embed48b0]
[anusolarracing.com/about/index.html]
[anusolarracing.com/wp-content/uploads/elementor/css/post-44166ada.css]
[anusolarracing.com/wp-json/wp/v2/pages/4416.json]
[anusolarracing.com/wp-json/oembed/1.0/embed4591.json]
[anusolarracing.com/wp-json/oembed/1.0/embed37ce]
[anusolarracing.com/wp-content/uploads/2024/05/B9A6327-e1722755825798.jpg]
[anusolarracing.com/wp-content/uploads/elementor/thumbs/1140311-scaled-e1722771077614-qs41axyc9g9ufmhc39pet17h1toodtj8dvk8f063rm.jpg]
[anusolarracing.com/wp-content/uploads/2024/05/B9A6291-e1722770934958-1024x1024.jpg]
[anusolarracing.com/wp-content/uploads/2024/05/B9A6289-e1722770991686-1024x1024.jpg]
[anusolarracing.com/wp-content/uploads/elementor/thumbs/B9A6360-qo1cg45b7ovr4t2dstgiou7241rapyq3wn4s63e0eq.jpg]
[anusolarracing.com/wp-content/uploads/elementor/thumbs/1140293-scaled-qs8byxn2ccfm80nvxkbkdgxjxfrjjt2nkvhwd2gbki.jpg]
[anusolarracing.com/wp-content/plugins/elementor/assets/images/placeholder.png]
[anusolarracing.com/wp-content/uploads/elementor/thumbs/B9A6354-qo1cflcjf060oltoulbzayxu8cbyg0nh6232kk5vv6.jpg]
[anusolarracing.com/wp-content/uploads/elementor/thumbs/B9A6329-qo1cehvbfynz4zf1949ne8wha5qjgqar0mooexsf4i.jpg]
[anusolarracing.com/wp-content/uploads/elementor/thumbs/B9A6307-qo1ccl93l221lg6pdslvu87tx14qutqcf728dqm5qq.jpg]
[anusolarracing.com/wp-content/uploads/elementor/thumbs/B9A6280-qo1c9z98lmhdcfz8mnz6wvxqii01h3d6q9toe2hj0y.jpg]
[anusolarracing.com/wp-content/uploads/elementor/thumbs/B9A6325-qo1ce5nez478y1ws8gzhztzhk5erony8my7d6cajde.jpg]
[anusolarracing.com/wp-content/uploads/elementor/thumbs/B9A6297-qo1cbocqxut0b3ihpwdxwyip4jmwdf3qmo88l1yxsi.jpg]
[anusolarracing.com/wp-content/uploads/elementor/thumbs/B9A6358-qo1cfxkfvumqvjbxv8m4pdutycnq82zzjqkdt5nrma.jpg]
[anusolarracing.com/wp-content/uploads/elementor/thumbs/B9A6356-qo1cfrxequf0xvk4s66dafa2e1fixwdliyngxhw4nm.jpg]
[anusolarracing.com/wp-content/uploads/elementor/thumbs/1140298-scaled-qs8bx10uhftoohfk28nstg8wkb5qxwi8zfvgbva26q.jpg]
[anusolarracing.com/wp-content/uploads/elementor/thumbs/B9A6287-qo1caqik3tiop4vn7hrdf723qo9oobdei0qrb3d40i.jpg]
[anusolarracing.com/wp-content/uploads/elementor/thumbs/B9A6309-qo1ccrtywwb1upx5bdg9tok22q8bcpggs3mmqocej6.jpg]
[anusolarracing.com/wp-content/uploads/elementor/thumbs/B9A6315-qo1cdamqpl0sax5u9lkt7jt9yfnnmnj3ioocc7kj2q.jpg]
[anusolarracing.com/wp-content/uploads/elementor/thumbs/B9A6312-qo1ccyeu8qk23znl8yant4wa8fbvul6l50713m2nbm.jpg]
[anusolarracing.com/wp-content/uploads/elementor/thumbs/1140338-scaled-qplakt39pdtdy056yll850tf0tn1x07jxcndfk0zo2.jpg]
[anusolarracing.com/wp-content/uploads/elementor/thumbs/B9A6321-qo1cdtfii9qir4ej7tpclf2hu52zwllq99q1xqsnma.jpg]
[anusolarracing.com/wp-content/uploads/elementor/thumbs/B9A6362-qo1cg9sccp3h2gu6vvwa3srtoczi05chxf1p1r5nde.jpg]
[anusolarracing.com/wp-content/uploads/elementor/thumbs/B9A6319-qo1cdnshd9istgmq4r9l6ghq9tusmezc8ht52310nm.jpg]
[anusolarracing.com/wp-content/uploads/elementor/thumbs/B9A6278-1-qo8o2ep7sqdlr9vw5jsfuhvacbb7jbj4d8d6wy1bwy.jpg]
[anusolarracing.com/wp-content/uploads/elementor/thumbs/B9A6317-qo1cdh7m1f9sk6wa76f7705i44r84j97vl8qp5arv6.jpg]
[anusolarracing.com/wp-content/uploads/elementor/thumbs/B9A6295-qo1cbhrvm0k01ts1sbjjxi6gyujbvjdm9rnu848p02.jpg]
[anusolarracing.com/wp-content/uploads/elementor/thumbs/B9A6285-1-qo8tzzl0pir3tjnczvcoelltk6lojffgect0kdcy36.jpg]
[anusolarracing.com/wp-content/uploads/elementor/thumbs/B9A6323-1-qo8of5egfvtj4zdlr22dna488cibvm44saq53z57ki.jpg]
[anusolarracing.com/wp-content/uploads/elementor/thumbs/B9A6284-1-qo8orzv1udelt4puqlytq1f0hx6x2p42jvp1843ij6.jpg]
[anusolarracing.com/wp-content/uploads/elementor/thumbs/B9A6273-qo1c9atfnxjwykyqldew423r2hchwyo5ywv1wvhriq.jpg]
[anusolarracing.com/wp-content/uploads/elementor/thumbs/B9A6336-1-qo8tyg4jian6sjvwzpdothlmig70xabaiqbd91n6aa.jpg]
[anusolarracing.com/wp-content/uploads/elementor/thumbs/R6M10108-scaled-qxwrlbv09a2p158q2lnddo4v4eph4sw9zrxgclsj2q.jpg]
[anusolarracing.com/wp-content/uploads/elementor/thumbs/R6M10122-scaled-qxwrmeee1hjg95oqtkb2pwerh7fiwe59t2od0y7dzm.jpg]
[anusolarracing.com/wp-content/uploads/elementor/thumbs/B9A6281-qo1ca6ry4arnxbober87gu1f9kyz6o71fb1k8a6dn6.jpg]
[anusolarracing.com/wp-content/uploads/elementor/thumbs/1140280-1-scaled-qq7n07fber1rtl03eyiqhpwe4ugau00h52bar7n0cy.jpg]
[anusolarracing.com/wp-content/uploads/elementor/thumbs/B9A6305-qo1ccdqe2drr0khmlpcvaa455y5t58whq5ucjixb4i.jpg]
[anusolarracing.com/wp-content/uploads/elementor/thumbs/B9A6303-qo1cc83cxdk12wptimx3vbjdlmxlv2a3pdxfnv5o5u.jpg]
[anusolarracing.com/wp-content/uploads/elementor/thumbs/R6M10142-scaled-qxwrrkifmom83y6emsr7flg13hy78go4inui1qjfrm.jpg]
[anusolarracing.com/wp-content/uploads/elementor/thumbs/R6M10096-scaled-qxwrj9lr9d91jy8l47jueovg6yvh8pphdke3fqumqa.jpg]
[anusolarracing.com/wp-content/uploads/elementor/thumbs/B9A6332-qo1ceog6rswze95h6p41dp8pfuu3ym0vdj92rvinwy.jpg]
[anusolarracing.com/teamorigin/team/index.html]
[anusolarracing.com/wp-content/uploads/elementor/css/post-2593e5c.css]
[anusolarracing.com/wp-json/wp/v2/pages/259.json]
[anusolarracing.com/wp-json/oembed/1.0/embed911f.json]
[anusolarracing.com/wp-json/oembed/1.0/embedcde2]
[anusolarracing.com/cars/sc2/index.html]
[anusolarracing.com/cars/index.html]
[anusolarracing.com/cars/sc1/index.html]
[anusolarracing.com/wp-content/uploads/elementor/css/post-4582133a.css]
[anusolarracing.com/wp-json/wp/v2/pages/4582.json]
[anusolarracing.com/wp-json/oembed/1.0/embed6ce9.json]
[anusolarracing.com/wp-json/oembed/1.0/embede548]
[anusolarracing.com/wp-content/uploads/2023/09/Screenshot-2023-09-13-at-6.18.17-pm-2048x1330.png]
[anusolarracing.com/wp-content/uploads/2023/07/Picture3.png]
[anusolarracing.com/wp-content/uploads/2023/07/Picture4-e1689383188937.jpg]
[anusolarracing.com/wp-content/uploads/2023/08/MicrosoftTeams-image-11-2048x1365.jpg]
[anusolarracing.com/wp-content/uploads/2023/05/P1010850-2048x1536.jpg]
[anusolarracing.com/wp-content/uploads/2023/07/Picture2.png]
[anusolarracing.com/wp-content/uploads/2023/04/MicrosoftTeams-image-7-1-2048x1365.jpg]
[anusolarracing.com/wp-content/uploads/2023/04/MicrosoftTeams-image-4-1.jpg]
[anusolarracing.com/wp-content/uploads/2023/03/Picture1.jpg]
[anusolarracing.com/wp-content/uploads/2024/11/Screenshot-2024-11-13-at-9.56.34 PM.png]
[anusolarracing.com/wp-content/uploads/2024/11/Screenshot-2024-11-13-at-9.56.43 PM.png]
[anusolarracing.com/wp-content/uploads/2024/11/Screenshot-2024-11-13-at-9.56.54 PM.png]
[anusolarracing.com/wp-content/uploads/2024/11/Screenshot-2024-11-13-at-9.57.05 PM.png]
[anusolarracing.com/wp-content/uploads/2024/11/Screenshot-2024-11-13-at-9.57.15 PM.png]
[anusolarracing.com/wp-content/uploads/2024/11/Screenshot-2024-11-13-at-9.57.25 PM.png]
[anusolarracing.com/media/index.html]
[anusolarracing.com/wp-content/uploads/elementor/css/post-45801de8.css]
[anusolarracing.com/wp-content/plugins/royal-elementor-addons/assets/css/lib/animations/wpr-animations.min9792.css]
[anusolarracing.com/wp-json/wp/v2/pages/4580.json]
[anusolarracing.com/wp-json/oembed/1.0/embed9876.json]
[anusolarracing.com/wp-json/oembed/1.0/embedbb64]
[anusolarracing.com/wp-includes/js/imagesloaded.minbb93.js]
[anusolarracing.com/wp-content/plugins/royal-elementor-addons/assets/js/lib/slick/slick.minc245.js]
[anusolarracing.com/outreach/index.html]
[anusolarracing.com/wp-content/uploads/elementor/css/post-4522fecd.css]
[anusolarracing.com/wp-json/wp/v2/pages/4522.json]
[anusolarracing.com/wp-json/oembed/1.0/embedc90a.json]
[anusolarracing.com/wp-json/oembed/1.0/embedc5ab]
[anusolarracing.com/partners/index.html]
[anusolarracing.com/wp-content/uploads/elementor/css/custom-widget-tabs.min3f36.css]
[anusolarracing.com/wp-content/uploads/elementor/css/post-45782a10.css]
[anusolarracing.com/wp-json/wp/v2/pages/4578.json]
[anusolarracing.com/wp-json/oembed/1.0/embedf952.json]
[anusolarracing.com/wp-json/oembed/1.0/embedd6e5]
[anusolarracing.com/wp-content/plugins/wpforms-lite/assets/images/submit-spin.svg]
[anusolarracing.com/wp-content/plugins/wpforms-lite/assets/css/frontend/classic/wpforms-full.minf171.css]
[anusolarracing.com/wp-content/plugins/wpforms-lite/assets/lib/jquery.validate.min3c17.js]
[anusolarracing.com/wp-content/plugins/wpforms-lite/assets/lib/mailcheck.mincfa9.js]
[anusolarracing.com/wp-content/plugins/wpforms-lite/assets/lib/punycode.min8a54.js]
[anusolarracing.com/wp-content/plugins/wpforms-lite/assets/js/share/utils.minf171.js]
[anusolarracing.com/wp-content/plugins/wpforms-lite/assets/js/frontend/wpforms.minf171.js]
[anusolarracing.com/contact-us/index.html]
[anusolarracing.com/team/index.html]
[anusolarracing.com/wp-content/uploads/elementor/css/post-26771452.css]
[anusolarracing.com/wp-json/wp/v2/pages/2677.json]
[anusolarracing.com/wp-json/oembed/1.0/embeda910.json]
[anusolarracing.com/wp-json/oembed/1.0/embede507]
[anusolarracing.com/wp-content/uploads/elementor/thumbs/NFSA-2-scaled-q2dik2kzj1angrq5u0s6qxe6hh80p29qvqx9zddnx4.jpg]
[anusolarracing.com/wp-content/uploads/elementor/thumbs/Picture6-q9fuul5fhn59fitkhwa3jtokmi2zgiotniu2aoux5k.jpg]
[anusolarracing.com/wp-content/uploads/elementor/thumbs/Shine-Dome-1-scaled-q2dihay3eli9a3qvztpqemjbimv415a761rt41he8o.jpg]
[anusolarracing.com/wp-content/uploads/elementor/thumbs/Picture3-q9fcjb4lywn69kgk7x49p6vp7bkyn3eecebulydlco.png]
[anusolarracing.com/wp-content/uploads/elementor/thumbs/P1010850-scaled-q6q7bgfzvn8jev0pxikww2w3k9xgc6podzh7p1cdaw.jpg]
[anusolarracing.com/wp-content/uploads/elementor/thumbs/IMG_8628-scaled-q9fw0gujzwh6q1zjxzzon97xgjnqf0ya2t8w2irfx4.jpg]
[anusolarracing.com/cars/sc3/index.html]
[anusolarracing.com/wp-content/plugins/elementor/assets/css/widget-image.mine689.css]
[anusolarracing.com/wp-content/plugins/elementor/assets/css/widget-social-icons.mine689.css]
[anusolarracing.com/wp-content/uploads/elementor/css/custom-apple-webkit.min3f36.css]
[anusolarracing.com/GET]
[anusolarracing.com/Error pJS - No image.src]
[anusolarracing.com/wp-content/plugins/royal-elementor-addons/assets/js/lib/particles/particles7c45.js]
[anusolarracing.com/wp-content/plugins/royal-elementor-addons/assets/js/lib/jarallax/jarallax.minf184.js]
[anusolarracing.com/wp-content/plugins/royal-elementor-addons/assets/js/lib/parallax/parallax.min5152.js]
[anusolarracing.com/wp-content/themes/hello-elementor/assets/js/hello-frontend.min8a54.js]
[anusolarracing.com/wp-content/plugins/header-footer-elementor/inc/js/frontend3601.js]
[anusolarracing.com/Edge/index.html]
[anusolarracing.com/Trident/index.html]
[anusolarracing.com/l]
[anusolarracing.com/elementor-4066/index.html]
[anusolarracing.com/t.params.url]
[anusolarracing.com/wp-content/plugins/elementor/assets/lib/swiper/v8/swiper.min94a4.js]
[anusolarracing.com/wp-content/plugins/elementor/assets/js/webpack.runtime.mine689.js]
[anusolarracing.com/wp-content/plugins/elementor/assets/js/frontend-modules.mine689.js]
[anusolarracing.com/wp-includes/js/jquery/ui/core.minb37e.js]
[anusolarracing.com/-negative.svg]
[anusolarracing.com/wp-content/plugins/elementor/assets/js/frontend.mine689.js]
[anusolarracing.com/r]
[anusolarracing.com/OPR/index.html]
[anusolarracing.com/wp-content/plugins/royal-elementor-addons/assets/js/frontend.min9792.js]
[anusolarracing.com/wp-content/plugins/royal-elementor-addons/assets/js/modal-popups.min9792.js]
[anusolarracing.com/wp-content/plugins/elementor/assets/lib/eicons/fonts/eicons6feb.svg]
[anusolarracing.com/wp-content/plugins/elementor/assets/lib/font-awesome/webfonts/fa-brands-400.svg]
[anusolarracing.com/wp-content/plugins/elementor/assets/lib/font-awesome/webfonts/fa-solid-900.svg]
[anusolarracing.com/wp-content/plugins/elementor/assets/lib/font-awesome/webfonts/fa-regular-400.svg]
[anusolarracing.com/wp-content/plugins/elementor/assets/lib/animations/styles/zoomIn.mine689.css]
[anusolarracing.com/wp-content/plugins/elementor/assets/css/widget-divider.mine689.css]
[anusolarracing.com/wp-content/uploads/2024/11/BWSC-2-scaled.jpg]
[anusolarracing.com/wp-content/uploads/2024/11/1140591-2-scaled.jpg]
[anusolarracing.com/wp-content/uploads/2024/11/IMG_4537-scaled.jpg]
[anusolarracing.com/wp-content/uploads/elementor/css/post-48251319.css]
[anusolarracing.com/index42a3.html]
[anusolarracing.com/wp-content/uploads/2023/04/MicrosoftTeams-image-3.jpg]
[anusolarracing.com/wp-content/uploads/elementor/css/post-44166ada.css]
[anusolarracing.com/indexd8cf.html]
[anusolarracing.com/wp-content/uploads/2023/10/DSC_0476-scaled.jpg]
[anusolarracing.com/wp-content/uploads/2023/02/48978366023_86b7254bd1_k-1536x1021.jpg]
[anusolarracing.com/wp-content/uploads/elementor/css/post-2593e5c.css]
[anusolarracing.com/indexc544.html]
[anusolarracing.com/wp-content/uploads/elementor/css/post-26785f2b.css]
[anusolarracing.com/wp-json/wp/v2/pages/2678.json]
[anusolarracing.com/wp-json/oembed/1.0/embed28a5.json]
[anusolarracing.com/wp-json/oembed/1.0/embed0de1]
[anusolarracing.com/wp-content/uploads/2023/04/MicrosoftTeams-image-3-1.jpg]
[anusolarracing.com/wp-content/uploads/2023/02/IMG_9274-2048x1536.jpg]
[anusolarracing.com/wp-content/uploads/2023/02/48978366023_86b7254bd1_k.jpg]
[anusolarracing.com/wp-content/uploads/2023/04/MicrosoftTeams-image-9-1024x199.png]
[anusolarracing.com/cars/sc2/index.html]
[anusolarracing.com/wp-content/uploads/elementor/css/post-1982f763.css]
[anusolarracing.com/wp-json/wp/v2/pages/1982.json]
[anusolarracing.com/wp-json/oembed/1.0/embed49b9.json]
[anusolarracing.com/wp-json/oembed/1.0/embed182e]
[anusolarracing.com/cars/sc1/index.html]
[anusolarracing.com/wp-content/uploads/2024/09/DSC_0792-scaled.jpg]
[anusolarracing.com/wp-content/uploads/elementor/css/post-4582133a.css]
[anusolarracing.com/index47fc.html]
[anusolarracing.com/wp-content/uploads/2023/03/P1010882-scaled.jpg]
[anusolarracing.com/wp-content/uploads/2023/03/NEOEN_normal.png]
[anusolarracing.com/wp-content/uploads/2024/09/Neoen-Description.png]
[anusolarracing.com/wp-content/uploads/2024/09/Screenshot-2024-09-09-at-6.33.22â¯PM.png]
[anusolarracing.com/wp-content/uploads/2024/09/OriginDescription.png]
[anusolarracing.com/wp-content/uploads/elementor/css/post-45801de8.css]
[anusolarracing.com/wp-content/plugins/royal-elementor-addons/assets/css/lib/animations/wpr-animations.min9792.css]
[anusolarracing.com/indexfb5d.html]
[anusolarracing.com/wp-includes/js/imagesloaded.minbb93.js]
[anusolarracing.com/wp-content/plugins/royal-elementor-addons/assets/js/lib/slick/slick.minc245.js]
[anusolarracing.com/wp-content/uploads/2024/09/ANULogo.png]
[anusolarracing.com/wp-content/uploads/2024/09/Origin360EvLogo.png]
[anusolarracing.com/wp-content/uploads/2024/09/NeoEnLogo.png]
[anusolarracing.com/wp-content/uploads/2024/09/NRMALogo.png]
[anusolarracing.com/wp-content/uploads/2024/09/sydneyCompositesLogo.png]
[anusolarracing.com/wp-content/uploads/2024/09/sundriveLogo.png]
[anusolarracing.com/wp-content/uploads/2024/09/ProhelionLogo.png]
[anusolarracing.com/wp-content/uploads/2025/01/ACH_Logo_WhiteBG.jpg]
[anusolarracing.com/wp-content/uploads/2024/12/GuritLogo.png]
[anusolarracing.com/wp-content/uploads/2024/09/MarpleLogo.jpg]
[anusolarracing.com/wp-content/uploads/2024/09/AOGrpahicsLogo.jpg]
[anusolarracing.com/wp-content/uploads/2024/09/3DConnextionLogo.png]
[anusolarracing.com/wp-content/uploads/elementor/css/post-4522fecd.css]
[anusolarracing.com/index6f5c.html]
[anusolarracing.com/wp-content/plugins/elementor/assets/lib/animations/styles/fadeInUp.mine689.css]
[anusolarracing.com/wp-content/uploads/elementor/css/custom-widget-tabs.min3f36.css]
[anusolarracing.com/wp-content/uploads/2024/05/B9A6367.jpg]
[anusolarracing.com/wp-content/uploads/elementor/css/post-45782a10.css]
[anusolarracing.com/index4b29.html]
[anusolarracing.com/wp-content/plugins/wpforms-lite/assets/images/submit-spin.svg]
[anusolarracing.com/wp-content/plugins/wpforms-lite/assets/pro/images/times-solid-white.104.delayed]
[anusolarracing.com/wp-content/plugins/wpforms-lite/assets/css/frontend/classic/wpforms-full.minf171.css]
[anusolarracing.com/wp-content/plugins/wpforms-lite/assets/lib/jquery.validate.min3c17.js]
[anusolarracing.com/contact-us/optusnet.com.au]
[anusolarracing.com/contact-us/com.au]
[anusolarracing.com/contact-us/net.au]
[anusolarracing.com/wp-content/plugins/wpforms-lite/assets/lib/mailcheck.mincfa9.js]
[anusolarracing.com/wp-content/plugins/wpforms-lite/assets/lib/punycode.min8a54.js]
[anusolarracing.com/wp-content/plugins/wpforms-lite/assets/js/share/utils.minf171.js]
[anusolarracing.com/wp-content/plugins/wpforms-lite/assets/js/frontend/wpforms.minf171.js]
[anusolarracing.com/wp-content/uploads/2023/02/Jumping-in-Kambri-scaled.jpg]
[anusolarracing.com/wp-content/uploads/2023/07/MicrosoftTeams-image-4-1-scaled.jpg]
[anusolarracing.com/wp-content/uploads/2023/03/S-scaled.jpg]
[anusolarracing.com/wp-content/uploads/elementor/css/post-26771452.css]
[anusolarracing.com/indexbee1.html]
[anusolarracing.com/GET.html]
[anusolarracing.com/Error pJS - No image.html]
[anusolarracing.com/Trident/index.html]
[anusolarracing.com/Edge/index.html]
[anusolarracing.com/l.html]
[anusolarracing.com/wp-content/uploads/elementor/css/post-4066ce18.css]
[anusolarracing.com/wp-json/wp/v2/pages/4066.json]
[anusolarracing.com/wp-json/oembed/1.0/embedd6a1.json]
[anusolarracing.com/wp-json/oembed/1.0/embedbdf3]
[anusolarracing.com/wp-content/uploads/2023/09/Screenshot-2023-09-13-at-6.18.17-pm-1024x665.png]
[anusolarracing.com/wp-content/uploads/2023/09/Screenshot-2023-09-13-at-6.18.11-pm-1024x665.png]
[anusolarracing.com/elementor-4066/index.html]
[anusolarracing.com/t.params.html]
[anusolarracing.com/-negative.html]
[anusolarracing.com/OPR/index.html]
[anusolarracing.com/r.html]
[anusolarracing.com/wp-content/uploads/2023/02/86698732_841641392975090_1391541572515921920_o.jpg]
[anusolarracing.com/wp-content/uploads/2023/04/MicrosoftTeams-image-8-1-scaled.jpg]
[anusolarracing.com/wp-content/uploads/2023/04/MicrosoftTeams-image-7-1-scaled.jpg]
[anusolarracing.com/wp-content/uploads/2023/04/MicrosoftTeams-image-6-scaled.jpg]
[anusolarracing.com/wp-content/uploads/elementor/css/post-26785f2b.css]
[anusolarracing.com/index649f.html]
[anusolarracing.com/wp-content/uploads/2023/04/MicrosoftTeams-image-3.png]
[anusolarracing.com/wp-content/uploads/elementor/css/post-1982f763.css]
[anusolarracing.com/index6b08.html]
[anusolarracing.com/wp-content/uploads/2024/09/Screenshot-2024-09-09-at-6.33.22â¯PM.html]
[anusolarracing.com/wp-content/plugins/wpforms-lite/assets/pro/images/times-solid-white.html]
[anusolarracing.com/contact-us/optusnet.com.html]
[anusolarracing.com/contact-us/com.html]
[anusolarracing.com/contact-us/net.html]
[anusolarracing.com/wp-content/uploads/elementor/css/post-4066ce18.css]
[anusolarracing.com/index4ca3.html]
